そこまで必要性ないからスルーしてる
いま来てるFB申請は無条件で許可してるはず
おまいら何度言ったらわかるんだよFBにかけよ～～～～？？？？両者で書かれるとどっちが優先かわからなくなるから
vita狙ってるやつがいるな？
みゆっき富豪
vita欲しすぎるな？
黒人奴隷に代返させてる
ミクやっす
基本、捨てようと思ってるものなので安くてもいいんです
さーむ
もちろん大学出て透明な学位バッジぶらさげた人間が偉いなんて1bitもおもわないけどね。
空腹を紛らわすために考えようと思ったけどダメだおなか空いた
ネカフェですごした成人の日だったけどこれはこれで有意義だし楽しかったな
それを見るために必要なのは超人的なアクロバットではなくて、少しだけ首を傾けたときの景色を全く違うものとして認識できる柔軟さのようなものである気がします
まあ安保闘争とかバブルな頃の一部のおじさんおばさんたちのいた大学ってのは意味の無いものだったのかもしれないけどねえ。
施川ユウキのおんのじも面白いしとても幸せだな
新しいアイデアって、当たり前のアイデアの真隣にぽつねんと佇んでるイメージがある
大学でやる教育に価値が無いという企業は高校卒業相当の人間を大量に雇っているんでしょうねえ
ふぉぉぉめっちゃ面白かった
グルワという名のソロワやった
インスタでみんなの写真見てて思ったけど、こんなに快晴なら写真撮りに行きたかったな…たぶん、みなとみらいの夜景とか、すごい綺麗なはず。
休憩明けの残り勤務時間15分www
お客さんが引く時間になって、もうダメだと思ったタイミングからフィバーし始めて、バンバン売れ出したw
ダムのキメ顔見ると、あー今回は撮る前にちゃんと準備できたんだね良かったネってなる奴～～～～
帰ったらbotにコード組み込むところまで一気にやっちゃいますね…
Twitter for iOS の一番最初の方のバージョンもっかい出して欲しい
ダムって総じてびっくりした顔か横顔だね
No Pants Dayとは
すげぇ面白かった
うたプリ放送局最終回やん
秀逸すぎる短編集だ
九井諒子のひきだしにテラリウムすっごい面白い、このマンガがすごい7位なだけある
なんかAndroidよりiOSのほうがスクロールしてるのを見てると疲れる気がすることが多いんだけど、あれなんなんだろうなー
画面で文字がスクロールしてると目が追ってしまって疲れるので、なるべくページめくり系のUIを使っていきたい所存
API使い切った
ただいまー
寿司が回ってる
成人の日だし悪の華よも
だめだー今期のアニメあんま見る気起きんわ
寿司食いたい
ドンファン予想外だった、違う路線にメタ読みが回っていくと思ってたけどどうやら違うみたい・・・
とっくに期限が切れているはずのruby mineがなぜか使える件について
見るべきデッキ見た結果だわな、すばらしいメタ読みだと思う
キャッチャー・シグナル・まなざしでテンポ握られないからこそのドンファンやろ
観点が違うんだって
響子さん結婚してくれ
帰らないとなのに
秦基博とスキマスイッチの藍はすばらしいね。ヘビロテしてしまう
めぞん一刻よかった
俺の股間がRED ZONE #俺の股間がの後に曲名を入れると性的
アニメイトから出てきた自分に対して香水やら化粧品やらを進めるのは間違ってますよお姉さん…
千葉県生まれ多摩地区育ちなので東京の人を名乗っていいのか自信がない
マックで課題してたら袴姿のドキュンに囲まれたんだけど…。
東京の人なのに雷門を見たことがないという状態から離脱することができた
🚌三3
卒論！！！書かずにはいられないっっ！！！
あれ、めっちゃ寒い
倒れそう
？？？「SFCのメディアセンターが祝日であいていないせいで、ビデオカメラ8000円でレンタルしてきました。

損害賠償請求したいです」
違う死んでほしいじゃない、死ね
公認店なのにスペック不足なの死んでほしい
そろそろ風邪が辛い…………
飛行機、4回しか乗ったことないけど、プレミアムクラス乗ってみたい
なんでプレミアムクラス乗ってるの

くそ、お金持ちアピールか…………ｗ
そろそろ吉祥寺で学芸小金井小・中同窓会！

みんなどんな風になったか気になりすぎてｗｗｗ
そのフォントのツイッター、なんかアメリカで人気の牛乳ショップのロゴって感じする
戌人の人おめでとー
我が家に帰ってきましたね
魚真で引っ越し祝いするか
ダミールドーマの良さ
富山の場所わかんない
フィルターが発動してる
成人式選挙！卒論卒論試験成人式選挙！
俺も雪の降ってない成人式がよかった
都知事選どうしてこうなった感がすごい
#最高の成人式 
今から上野動物園行くボケしようとしたら、16時までしか入れなかったから高田馬場で玉転がす
秋葉原の駅のロータリーの端っこでで小学生か中学生にみえる3人が踊ってて危ない大人が周りにいる
なんでこの人こっちむいて咳するの。死ねばいいのに
というか、友達が3回ナンパして1回成功したらしい

うらやまけしからん
調布にもかわいいひとがたくさんいました。
あんりさんもなおこさんもいたのか！
調べるおさんを調べるお
そろそろ結婚するか
成人式、終了！
これからが本番の同窓会！
町田めっちゃ殺生丸いて笑う
さっきからめちゃめちゃbluetoothペアリング要求される
ほう
ホモでもいいんだよ
六本木オフィスにもよらないとだった
新成人だったらマックでただ飯だったのにな！
定期的にパン屋のパンが食べたくなって、いまゔぃどふらんすのうまいやつ食べてるから幸せ
ネカフェいったらLoLやるかぁ
うるせーばーーかと言いたくなる事案世の中多い
G600ないとMMO出来ない体になってしまったんだった
マルイ人多過ぎでは〜〜
キラキラ？
サイリュウム振りだしたｗｗｗ
寒い
さむ
うーんひたすら着々と過ごさないと。
ぼくはむかしから頻尿でした
藤沢まで行ってそのまま折り返す
あぁてかねカフェいきゃええやん、アホか
ダンボールやらなきゃなので、夜には渋谷行きます
なぜ調布市民なのに調布の観光スポットを見せられるんだ…………

全部知っとるわ…………
カカオパフェがガパオパフェにみえたし もうだめだ
高校生のときに作ったitunesのプレイリスト俺の趣味網羅しすぎだろ
プロジェクター用意しておけよｗｗｗ
童貞のまま成人式迎えた皆さん、現実は甘くないですね？
おう
谷内はやくSFC受かってほしい、拠点にしたい
スーツのチャック全開でした、御確認ください
…………今の女子大か、

こわい←
ふぇぇ。。お仕事たまってるよぉぉ
白百合女子大、関わりすぎだろｗｗｗ
どっかのマック入って無料券ついでに今月の記事書き上げたい
さっちゃんらびたんを訳してくり〜〜〜
ゴルフのレポート書きたくねぇ〜
ニューハタチ
パーカーの紐と一緒にともだちがいなくなった
貫通って文字みるだけでオナホ思い浮かべるの死んだ方がいい
成人式 一部終わったー！
とりあえず湘南台いきゃなんとかなりそうだし快速急行飛び乗った
俺
自分で言うのもなんだけどまだ終わってないの
引越しの進捗無理です
髪
紙切りに行きたい
う、うわぁぁぁぁ殺生丸ﾀﾞｱｱｱｧｧｧｧｧｧ
ねーのか
ただ心臓が鼓動を打つというだけで生きているということになるのか
感情なし夫
ねーの？
ねーの
うわあああああ、殺生丸ﾀﾞｱｱｱｱｱｱｱｱｱ
今日ジムチャレどっかやってねーよ
死ね
一向に進まない　同じところをぐるぐるしている
僕の知ってる中国人は温厚で、飲むと肩組んでラーメンのうまい店を紹介しろというようなやつらばかりなんだがこの差はなんなんだろうな。そもそもこの記事が事実なのかもわからんが
誰かポケカしよ
（単位を）持っていかれた！
土曜は生協が閉まるのが早いということをすっかり忘れていた......
@ISC各位  今日は生協は休みだから昼飯は買えません。#俺にはおにぎりがある
生協でトッポ105円だった(・ω・)
【新入生が知らないSFC】日吉や三田とは異なり、お昼休みが20分しかないSFCでは授業中にご飯を食べることが許されています（一部そうでない授業もあります）。生協でご飯を買って授業を受けながら食べる光景が一般的です＾＾
＠購買部より　ただいまよりめちゃうま弁当50円引きセール開催いたします！
数量限定！買えたあなたはラッキー☆今年１年いいことあるかも！？
ぜひぜひ生協をご利用下さいませ～＾＾
でも、男臭さが隠れてないな。そんな娘にはローキックだ！
マクドナルド臭をバスの中に充満させるテロ
ボルテックスブラスターって中二病臭するな
合同練習のときSFCアホみたいに臭さかったから心配してたけど志木が来る前にある程度収まってたっぽい…笑
よかった
次のテラスハウスの女の子、すごく地雷臭が（一瞬）
メディアにぐるぐる欄ケーブルおいて来たのかな…ショック
@yamasow2 メディアのせいでみんな一眼にはまってるからだと思われｗ

俺は一回も借りたこと無いけど笑
あのコンサルさんがいるか今日もThinkPadを借りにメディアに行くの
メディアの２階の窓から、登校してくる君をみつめているよ。
メディアのクリエイティブルームで、君との未来をクリエイトしたい…
金子さん有期になっただけで来期もSFCにいるじゃん! メディア一階にあんなの貼ってたら先生、来期は多くの人にキャンパスで「あれ、まだいるじゃん!」って言われそう⊂((・x・))⊃
メディアセンター1階。オープンエリアの、2人だけの空間。
目の前にメディア3階の例のイスを3つ並べて寝てる人いて、切実に真似したい
メディアに行くときは必ず3階の静かエリア。だって、１階、２階と君の姿を探すうち、いつもそこに辿り着いちゃうんだもん。
SFCのメディアでビデオカメラや一眼レフが借りられます。SFC生は３泊、他学部生は当日返却です。
メディアセンターに定年退職の教授へのメッセージコーナーができてる
メディアめっちゃあったかい
メディアの話なのか通信の話なのか
メディア2かい！
メディアでカメラ借りて来ようと思ったが生徒証忘れてなす術無かったな？
【お願い】SFCメディアセンターにUSBを忘れました。1階の映像編集用PCにささったままになってると思います。どなたかもし見つけたら預かっておいていただけませんか。
1/6(月)本日が2014年最初のメディアセンター開館日です。多くの方のご利用をお待ちしております！(YS)
SFCの残留はなんかいいなー。笑
【かも】鴨。ここでの鴨は鴨池に生息する鴨を指す。実は時々用務員の方が鴨に朝早く餌をあげていたりする。照れながら「餌をあげたい」という旨を話すと意外と簡単に餌やりを体験させてくれる。鴨のくちばしは痛くない。残留開けなどに体験すると大変心が癒やされる。 #yami_sfc
心理系のレポートで幼児期の事を振り返ってるんだけど、自閉症なんだけど俺。　そりゃSFCにこもるのに抵抗無いわ。　気軽に残留しようとかみんなに言ってごめん。
【かも】鴨。ここでの鴨は鴨池に生息する鴨を指す。実は時々用務員の方が鴨に朝早く餌をあげていたりする。照れながら「餌をあげたい」という旨を話すと意外と簡単に餌やりを体験させてくれる。鴨のくちばしは痛くない。残留開けなどに体験すると大変心が癒やされる。 #yami_sfc
あれ、残留？
【かも】鴨。ここでの鴨は鴨池に生息する鴨を指す。実は時々用務員の方が鴨に朝早く餌をあげていたりする。照れながら「餌をあげたい」という旨を話すと意外と簡単に餌やりを体験させてくれる。鴨のくちばしは痛くない。残留開けなどに体験すると大変心が癒やされる。 #yami_sfc
【かも】鴨。ここでの鴨は鴨池に生息する鴨を指す。実は時々用務員の方が鴨に朝早く餌をあげていたりする。照れながら「餌をあげたい」という旨を話すと意外と簡単に餌やりを体験させてくれる。鴨のくちばしは痛くない。残留開けなどに体験すると大変心が癒やされる。 #yami_sfc
残留明けに君が入れてくれた一杯のお茶で恋に落ちた
【かも】鴨。ここでの鴨は鴨池に生息する鴨を指す。実は時々用務員の方が鴨に朝早く餌をあげていたりする。照れながら「餌をあげたい」という旨を話すと意外と簡単に餌やりを体験させてくれる。鴨のくちばしは痛くない。残留開けなどに体験すると大変心が癒やされる。 #yami_sfc
福沢諭吉大先生お誕生日おめでとうございます。
あなたのおかげで今日（１０日）学校祝日扱いです。
元々金オフの人には関係ないが・・・。
今年もＳＦＣ生の残留ハイになってる人と酔っ払った学生に絡まれないようにしてください。
残留は目的じゃなくてあくまでも手段なんだ・・・
残留してるけど別に全日本残留したい協会とかではないんだよ
残留しました（ｷｯﾊﾟﾘ）
残留しなかったの強調され過ぎじゃねw
「残留アポカリプス」は、『デザインは一日にしてならず』
単純化された作業で緻密な構造を作ることを目指し、デザインを作業手順の決定と実際の製作の二段階に分けて行いました。
#dlp2013
今日に限って残留です泣
田中先生の残留“アポカリプス”の言い方w
【かも】鴨。ここでの鴨は鴨池に生息する鴨を指す。実は時々用務員の方が鴨に朝早く餌をあげていたりする。照れながら「餌をあげたい」という旨を話すと意外と簡単に餌やりを体験させてくれる。鴨のくちばしは痛くない。残留開けなどに体験すると大変心が癒やされる。 #yami_sfc
冬休みは平気で徹夜で遊んでたくせに、残留になると急に眠くなるから、俺はダメ人間。
いえいえ～～どうせ残留予定だったので大丈夫～～　ツインライナー関連ではもう私ができることない？
ここにきてはじめての残留なのですがー(･･;)げんさん、sfcきてください！！
【かも】鴨。ここでの鴨は鴨池に生息する鴨を指す。実は時々用務員の方が鴨に朝早く餌をあげていたりする。照れながら「餌をあげたい」という旨を話すと意外と簡単に餌やりを体験させてくれる。鴨のくちばしは痛くない。残留開けなどに体験すると大変心が癒やされる。 #yami_sfc
家でやる笑
昨日残留だったし
どきどきわくわくRG実装残留まつり第2夜ですが、22:30までバイトなため、日付変わるころから参加させていただきます
【かも】鴨。ここでの鴨は鴨池に生息する鴨を指す。実は時々用務員の方が鴨に朝早く餌をあげていたりする。照れながら「餌をあげたい」という旨を話すと意外と簡単に餌やりを体験させてくれる。鴨のくちばしは痛くない。残留開けなどに体験すると大変心が癒やされる。 #yami_sfc
SFCの起業したいクラスタは、慢性的に残留してる学生向けに夜中の出前に対応してる飲食店や、クリーニング屋でも起業すればいいのだ。
テスト勉強は残留してこそ捗るよ
残留を留年にしないために今日は頑張るほか無い。
@pasternak999 提出がwebでは無いので残留するのが無難なんだよなぁ…。
残留しないと自動的に留年になる…
残留確定した。
俺は残留おじさんだよ？
SFCネタとどうでもいいネタが残留アカ、誰が読んでもいいネタは本アカ、自分を振り返るためにあるのがサブアカ
今日は論プロ残留
【かも】鴨。ここでの鴨は鴨池に生息する鴨を指す。実は時々用務員の方が鴨に朝早く餌をあげていたりする。照れながら「餌をあげたい」という旨を話すと意外と簡単に餌やりを体験させてくれる。鴨のくちばしは痛くない。残留開けなどに体験すると大変心が癒やされる。 #yami_sfc
大学爆破してビオトープにしたい
ちなみに夫の年収は3000万円です
ちゃらいさっくん
10年前に作ったYahoo! Geocitiesアカウントが思い出せない
学校の課題のプログラムのコメントが凄く適当な自分語英語になってたから採点用にわかりやすく修正した
能登だでぃ子親衛隊
今のアカウントより3年か4年長寿のアカウントあったんだけど思い出せない
Twitter初期の頃に作ったアカウント名思い出せないの本当にもったいない
部活やめてTwitter始めた中高生、わたしです
去年のこの時期に渋谷の東横東館出たところの残り雪に文鮮明の本が刺さってたの覚えてる
先生から煽りのようにほぼ毎日メール届くしWebテキはヤバ単
さあWebテキ再開するか（吐血
あんま調べてもそれっぽいのが出てこないなぁ
まてこのダンボール燃やし尽くせばいいんじゃね
気温管理法に抵触する
オフトゥンならぬオフロゥ〜♡
今日成人式だからTL空いてるな…
この寒さは違法
おいなんだこれ寒すぎでしょ
マジで危なかったからシェア
体育の出席日数は持ち越せるからとレポートだけ先延ばしにしているSFC生へ、
突然の体育の先生の移動や退職などでレポートが書けなくなることがあります。
自分はこのせいでほとんど同じ科目に出席していたので書けるレポートが制限されてしまいました。
最悪オート留年です気をつけてください。
有難う御座いました。
寒色組が新成人だとこんなにいいことがあるんですね
ドコモのXperia Z1 f、普通に使う分にはいいんだけど掴んでるBandわからないから具体的に調べようがない
一気に体育のレポート2つ出した
rootって名前の人間、生まれた瞬間から重い使命を背負ってそう。
rootって名前の人生きるのつらそう
あんどろいど速報の金であんどろいどカフェ開店してください
一瞬あんどろいど速報をパクってあいふぉん速報を作ろうと思ったけど更新する前に飽きそう
もてあそばれたい
石原さとみちゃん彼女にしたさしかない
よくやるので新しさないですね…あんどろいど速報さん奢ってください！ RT @android_sokuho: フォロワーに飯、奢りましょう。 RT @kir1ca: なんか新しいことしたいですね
松潤と石原さとみちゃんがカップルて見惚れるやろ
実は初まらしぃだったので、リスト漁ろうと思ったけど朝日が昇りそうな気がしたから、千本桜だけ聴いて風呂入る
なんか昨日病みながらもPS3で飲酒運転してたら車欲しくなったし車買おう
揺れてない
おっぱい？
なんか新しいことしたいですね
石原さとみちゃんくらいまで可愛いと、清楚系ビッチもドラマチックになるからええんやで
水こぼれてた訴訟
メドレーとか聴くと、昔の曲だと曲名思い出せなくても歌詞が出てくるんだよね
どうも、単位持ちです
来季、増井研にはいってGalileoわんちゃん
「BAD ENDは仕様」を地でいくバグだな
さみしい
今日はこれを終わりにするために俺はオフィスに来たんだ！！！！！！！！
ゆるさーんｗｗｗｗｗｗｗｗｗｗ
金魚王国流行ってるの？？？
ポケカスランプみたいな経験全くないな・・・
あれから一年か・・・
初めての新人大会でユキ姉さんにぼこされたことを思い出していた
成人も戌人も大差ない
私生クリームもあんこも嫌いなんだけどお母さんに生クリームあんぱんを勧められたからたぶん偽物だわ
てか、「えっ？今年おまえ成人式なの？えっ？wちょっwww」って人が周りに多すぎて自分の年齢が分からなくなる。
誤字に誤字で返してしまった
あっしーっていつも、避妊しろよって口うるさく言うよね。まあ、最もだけども、そんなにしつこいと言うことは…（意味深
ﾌｧ−
この前行ってハマった
卒論終わったらまた岩盤浴行きてーなー
美味しかったネトゲしたい
自転車ってほんとうに高い部類は外車くらいするんだな
今日まだつぶやいてないなあ
誰だよ
#最高の成人式
イケメンで、人気者のやつが「なんかおもしれぇことしろよｗｗｗｗ」みたいなクソ最悪なフリしてきたけど、結局そいつがメッチャ女に言い寄られてたから、「成人式」。
#最高の成人式
だるさん若杉
志田未来とのツーショットおぼえましたし
おなかすいたんじゃ
基本的にたくさんビールを飲んでたんだけど、ビールを一杯でフェードアウトして、「白桃サワー」を2,3杯飲んでたやつが「お前飲んでねーじゃーん！飲めよー！」とか言ってきたのクソ腹たったな。。

#最高の成人式
小学校の飲み会クソつまんなかったな。
なんか男は男で女を口説こうとしてる感じが見え見えだったし、女もかわいこぶって「ビールにがーい！」とか言ってたり、積極的にイケメンにばかり色目使ってたりでほぼほぼ全員「性」だった。
#最高の成人式
いつになったらeuc-jp滅びるんだ..
メモ:チャリを買う
( ･̥̥̥ᴗ･̥̥̥  )
おなかすいた
三日間、三連勤乗り切った…とりま、最低限は乗り切った。
中学の同級生がウェーイ系ばっかでつらい
日吉↔︎馬車道が近すぎて逆につらい
純粋に疲れた
MBPかたまった
じゃあ1月は2度と麺類食わない
ブルブルしてるやつだ
さうくてしぬ
GitHubのPRって申請後でもpushすると変更されるのね
いやお前らのフォロリク承認しねーよ
ご自愛 ご自愛
@igaa6 昨日指摘されてハッとしました
マスコミひどい
まって、あさのいっつもラーメン食ってないか
コンパスはいじめっこを刺すための文具です。みなさんはどんなコンパスが好きですか？
もぞもぞ動く-&gt;帯電-&gt;イヤホンに放電　でさっきから心臓がとまりそうになる。こわい
01-13に入ってから200ポストに到達しました！（現在およそ204ポスト）
あの高校勢は.をフォローするといいよ、こっちはとてもうるさいよ
私は 1/12 20:07 以降 287 回呟きました。（前日比：+272回） #countkun @paru_sfc
ネトゲしたいネトゲしたいネトゲしたいネトゲしたいネトゲしたいネトゲしたいネトゲしたいネトゲしたいぁぁぁぁぁぁぁぁぁぁぁぁぁぁ
帰宅したしネトゲしたいしもう外出たくないのに外食とかやめてくれ
Facebook広告でホスト募集、寮費携帯代上京費用全部負担します、平均月収130万で1日実働3時間で月収1000万の人も居るよってランディングページに飛んだんだけど、何より驚いたのが問い合わせの所に電話・メールと並んで大きく「LINEでお問い合わせの方はこちら」って出てたとこ。
おけおけおっけーとか送られてきて真顔
兄貴がアイカツに毒されてる
めっちゃ良い
そういえばGoogle+の人に教えてない友達0人のGoogleアカウントに自称24歳♀の外国人から「楽しいことしよ」って感じの英語メッセージがきて、断ったら「裸を見て欲しいだけなの！」ってきた。さようなら。
ちなみにここで売れないものはヤフオク持ち越しになります
自分の結構焼き付き酷い
クリス・ハートの極悪ドリルちんぽ
内容より思い出に心を抉られる
心抉られるな？
アオハライドアニメ化するんだ
暖かくして寝てたけど風邪まだ治りません
ネトゲへの課金とか最高に無駄使いすぎるし負けてない
キリカ氏は無駄遣い多くても回収してるもんなぁ
不毛な争いはやめよう！
@kir1ca 勝負だ！
負けない（確信）
ぶっちゃけ俺も余ってるもの有りすぎるしやるか？
VGAtoHDMIこんばーたーが一瞬で消えた辺り俺の戦いは終わってたんだ。どっかでポチらなきゃ
←無駄遣いが多い人
みんな無料のももらってってええんやで
そろそろ作業しないと流石に
頼む
養ってくれ
みゆっきバザー素晴らしすぎるんや
テンション上がるにゃ～～～～～～ｗｗｗｗｗｗｗｗｗｗｗｗｗｗｗｗｗｗｗｗｗｗｗｗｗｗｗ
TwitterforiOSの事を話すと思ったっぽいニャ〜
大学のプログラミングの授業、突っ込みどころが多くて萎える
@team061 test
シャフト力の注入で服のセンスが良くなるって俺は信じてる
痛絵馬デビューしました
で、reeder for macまだなの
プリキュア
単位のこと考えすぎて落ち込み方が半端じゃない
pmやめた
x-moeとかいう懐かしみに溢れたメールヘッダを見かけた
採点基準：懐かしさ
FAXの音を真似する大会が開催されてる
最終話で切る（
@yui__2525 （◞‸◟）
（アカン、アカン
単位のことしか考えられなくてホント実装が手につかない
Win8、Hiって文字見る度にHiじゃねぇよって思ってる
音沙汰
桜Trick、最高に癒されるし感動巨編感ある
いや、generator functionの文法議論でコミュニティ行っただけ
GitHub issues、日本のstoreからdownloadできなくなってた記憶がある
こないだcoffeeのrequireがおかしかったの、coffee-scriptの独自ビルドが~/.npmにキャッシュされてしまってたのが原因ぽかったです
単位撲滅強化運動やめろ
ありがとうございます！！
月曜って授業あるの
見たことある
食い物にされるキャラクター
wake upできないwake up girls
@igaa6 そつろん？知らない子でs（じゃあ16夜やりましょう
間違えてgmailから送ってしまった
@igaa6 （LISPやりたい）
@igaa6 なにやったらいいか勉強したい
@igaa6 テストべんきょうを　しませんか
ダークサイドにようこそ
桜Trick普通にエロアニメで電車の中でニヤニヤしてる
配信されてる公開ゴーストが見つからなかった
Googleの検索サジェスト、「くおえ」で「クロエ」出してくるし優秀だ
いつになったら艦これの伺かゴースト配布されるんですか！！！
榛名ちゃんに土下座したい人生です
「あったかオニオン」という表示を見る度にほのかに笑いがこみ上げてくる
巫女さんのバイトしたい人生だった
ﾗﾗﾗｲ
⁽(ી ˆoˆ )ʃ⁾⁾ ﾔｯﾀﾞﾊﾞｱｱｱｱｱ
お客様の中に来期修論頑張ろう会が必要な方はいらっしゃいますか
Leanと関数型jsはちょっと欲しい
手抜き3Dアニメ臭がする
さきどれ！5月病
そういえばこちらおいくら万円でしょうか
おかげで単位のこととかどうでもよくなってきた！！未来は明るい！！卒業！！！
えっちな戦利品を横におきテンションぶち上げで開発するライフハック
ストック数やふぁぼ数に縛られて生きるのはやめよう（賢者モード
榛名でよければお相手しましょう → 榛名は大丈夫です
深淵なロリとは
守ってあげたい系
社会的優位性に関するアレコレ
単位のことが忘れられなくて胸の奥が疼くの..
SCRIPT70との殴り合い
「主人がdsbdに飲み込まれて1年が過ぎました。」
Tシャツ、ブラックだけ速攻でSoldOutさせるのやめろ
2次元おさんぽまだですか
ステッカー回収しました、送料お返しありがとうございます！！
brew upgrade node --without-npm --develだるい、.brewecとかに定義しておきたい
慢心だ
課題終わった、テスト終わった等の慢心ツイートは容赦無くブロックしていく
課題やったまま死んでていま起きた（
情報にamazon欲しいものリストのアドレス添えてください
ありがとうございます！！！
Y先生じゃない方でう
さらいしゅうそつぎょういかんがきまってしまうとかんがえるとふるえがとまらない
近代史、メディアの変遷と未来、記号処理プログラミング、システムプログラミングの過去問情報及び対策情報をお持ちのお客様いらっしゃいましたら教えてください、お酒でもご飯でもおごります
これにて終了です！
インフルエンザで卒業できないの怖い
いまなんてんかおしえてください( ꒪⌓꒪)
@zurausa77 がんばりましゅ..
腰と胃が限界を迎えている
やばいやばいやばいやばい
かこもん..
お客様の中に胃薬、胃薬はいらっしゃいませんか
(((((⁽((ી (ˆ(oˆ) ))ʃ)⁾)⁾))))
GoogleChromeでvim
そういえばLISPで\cって吐けないの
はやくおわれ..
びっくりするほど拍手が起きない
心が荒んでる
jsがアタックの絶好の材料と聞いて戦慄してる
いやただ冗長性を持たせただけのジョークじゃろ
とりあえずKLF
戦争論者だ逃げろ！
教壇付近で宗教戦争の火種がまかれている
ああああああああああああああああああ
あったかーい豚小屋に
skypeよく狂う
胃が痛い
空気が重い
今すぐしたい世界に土下座
ミニプロジェクト20点じゃなかったら爆死してた
終わったら採集クエスト行きませんか
@igaa6 (　ﾟдﾟ)
@igaa6 ナントカ工房のテスト箱ってまだ生きてるんですかね
@zurausa77 ありがたいお言葉
だれか記号処理と近代史とメディ変のテスト情報ください..
[[^q^] そつぎょうえーーーるえうおおおｗｗｗｗｗｗｗｗｗｗｗｗｗｗｗｗ]
@zurausa77 期日はここまでというとぃってr情報を頼りに提出したところ実はダメだったとのこと
精神が不安定になりつつある
( '-^ )b 提出ダメです
@zurausa77 提出ダメですの旨
だったらよかったのにね..
最高です（胃痛
発表会リストに名前ありません！
今日は何をしにきたのかわかってない
突然フルハウスっぽくなった
卒論のため
クロエルメールじゃなかった
yieldのあとは必ずgeneratorなのか
音がとびとびで頭おかしい感じになってた
近代史Θだっけ
のうりん.io
！！！
（今やってます）
都市空間設計と情報技術、出席取りました
講義の時間だ！！
headerいっぱいきてるのかな
「目を瞑って死んでください〜」
@saboyutaka
むかーしむかし、あるところにりとるびっちというゲームがありました
ほんとだ、みんな横文字だし気づかなかった
くおえ(ryちゃんの無課金ドロップ確率5%以下と聞いてそっとアンインストールした
masuilab、coderwall 47位で自分より上位に日本の団体おらん
ClariS、初音ミクの方が潔いという名言が産まれた
DRAGONLADYのフル聞いてテンション上げてる

┏━━━━━┓
┃感　滅　こ┃
┃謝　茶　の┃
┃し　苦　あ┃
┃た　茶　と┃
┗━━━━━┛
(^q^)くおえうえーーーるえうおおおｗｗｗｗｗｗｗｗｗｗｗｗｗｗｗｗ

┏━━━━━┓
┃検　滅　こ┃
┃索　茶　の┃
┃し　苦　あ┃
┃た　茶　と┃
┗━━━━━┛
5行書くのに1GB必要ってどういうことなの
jdkが無いと言われ続ける
インストールだめです
javaのインストールしてる
ArduinoかRPi使った方が楽そうなイメージある
sunspotとかいう闇プロダクト
メール来てた
@igaa6 今日はどこかご存知ですか
ろーたそ〜
適当な質問書いてしまった
どれだよ
うぇ、うぇぶ3.0..
そつぎょうえーーーるえうおおおｗｗｗｗｗｗｗｗｗｗｗｗｗｗｗｗ
明日一眼に空目したしやっぱSFCの豚臭さが染み付いてる
もの凄い小悪魔臭w
メディアセンター1階。オープンエリアの、2人だけの空間。
メディアセンター1階。オープンエリアの、2人だけの空間。
もの凄い小悪魔臭w
明日一眼に空目したしやっぱSFCの豚臭さが染み付いてる
「家畜に神はいない」と刺青をした黒人奴隷
端末をクレカで買って飽きたら投げて新しいの買う感じ、クレカ業者からみたらクレカ枠現金化業者にお世話になってるように見えかねないな
「(笑)」って口で言うの大変そう
手を派手に切った
AKB48よりもニンテンドー64の方が絶対に強いと思う
むずかしい
@team061 ほげー
よく考えると大都会で大自然を感じていたわけだな、贅沢だ
新宿の駅前でカラスが鳩食ってるところ見たことある
あああ、変な時間に寝ちゃったなー
なんかすごい寝てた
まだやんけ
腹いたし
ああそうだスマスマ
ドロップAより低いの初めて見た
アニソンとバカっぽいドラムンベースしか聞かないので好きな歌手を聞かれても答えられない
国立大学の医学部生のTwitterのアカが恋研なんだけど、この人がノーベル賞とか取ったら、世の中の男女の価値観が大きく変わる気がする。
孫正義のsoftbankと一緒w RT @FTH_RUI: サントリーがアメリカのビーム社を買収して世界第三位のシェアを図ろうとしているのはすごい。日本のウィスキー市場が飽和状態を見越しての海外展開は大きな決断だと思う。
びっくりしたいニャん
手を派手に切った
AKB48よりもニンテンドー64の方が絶対に強いと思う
端末をクレカで買って飽きたら投げて新しいの買う感じ、クレカ業者からみたらクレカ枠現金化業者にお世話になってるように見えかねないな
「(笑)」って口で言うの大変そう
「家畜に神はいない」と刺青をした黒人奴隷
なぜ
@geta6 ニャーーーー!!
成鳩式
見たくない
アブストだけで5ページくらいある論文見てみたい
おさんぽまだ治りませんだよニャー!
ゆかりんって自作erだったのかって思った
全裸でメモリ増設したエピソードがある女性声優なら知ってる
課題は！？！？？！？！！？！！！？！？！？？！？！？
絵描くなってこと！？？！？！？？！？！！？！？！？？！？！？！？
よい
だいぶ頭おかしい感じになった
肩の神経がしびれてる
いまゔぃどふらんすのうまいやつ食べたくなったらクレカであんどろいたりするかないのときの決定と性的らしいニャーーー!!
PESも高い声が出なくなってきた感があるように見えるな
しらすはしらすだよね
oneだ
ササカマの人たちが各々成人式を迎えたみたいで、リアルに父みたいな気持ちになっている
楽しい
マクドナルド臭されるニャ〜ん。鴨に使う分www らしいニャ
ササカマの記事が過ぎましたらマックでのことを頼りに行くときには鴨池に定義しぬオフロゥ〜〜〜♡ニャー!
やっぱりDJ FUMIYAって神だわ
あと２２単位で進級
今日はfacebook開くたびに、
「えっ？おまっwちょっwえっwマジでwwwええええwwww」ってぐらいに成人式行ってる方々がいらっしゃって、本当に誰が同い年だかわからなくてカオス(・o・)

まあ、年齢なんて気にしてないけどw
頭おかしすぎて吐きそう
そこまで行ってたっぽいドラムンベースしか聞かないけどお母さんに出席取りましたニャーー!
